<?xml version="1.0" encoding="UTF-8"?>
<testng-results skipped="0" failed="0" ignored="0" total="1" passed="1">
  <reporter-output>
  </reporter-output>
  <suite name="INetBanking" duration-ms="119591" started-at="2021-09-04T12:21:08Z" finished-at="2021-09-04T12:23:08Z">
    <groups>
    </groups>
    <test name="BankingApp Test" duration-ms="119591" started-at="2021-09-04T12:21:08Z" finished-at="2021-09-04T12:23:08Z">
      <class name="com.inetbanking.testCases.TC_LoginTest_001">
        <test-method status="PASS" signature="setup(java.lang.String)[pri:0, instance:com.inetbanking.testCases.TC_LoginTest_001@2890c451]" name="setup" is-config="true" duration-ms="41820" started-at="2021-09-04T12:21:10Z" finished-at="2021-09-04T12:21:52Z">
          <params>
            <param index="0">
              <value>
                <![CDATA[chrome]]>
              </value>
            </param>
          </params>
          <reporter-output>
          </reporter-output>
        </test-method> <!-- setup -->
        <test-method status="PASS" signature="loginTest()[pri:0, instance:com.inetbanking.testCases.TC_LoginTest_001@2890c451]" name="loginTest" duration-ms="6649" started-at="2021-09-04T12:21:52Z" finished-at="2021-09-04T12:21:59Z">
          <reporter-output>
          </reporter-output>
        </test-method> <!-- loginTest -->
        <test-method status="PASS" signature="tearDown()[pri:0, instance:com.inetbanking.testCases.TC_LoginTest_001@2890c451]" name="tearDown" is-config="true" duration-ms="69339" started-at="2021-09-04T12:21:59Z" finished-at="2021-09-04T12:23:08Z">
          <reporter-output>
          </reporter-output>
        </test-method> <!-- tearDown -->
      </class> <!-- com.inetbanking.testCases.TC_LoginTest_001 -->
    </test> <!-- BankingApp Test -->
  </suite> <!-- INetBanking -->
</testng-results>
